<?xml version="1.0" encoding="UTF-8"?>
<testsuite xmlns:xsi="http://www.w3.org/2001/XMLSchema-instance" xsi:noNamespaceSchemaLocation="https://maven.apache.org/surefire/maven-surefire-plugin/xsd/surefire-test-report-3.0.xsd" version="3.0" name="AutoRegister Page Functionality" time="35.319" tests="4" errors="0" skipped="0" failures="0">
  <properties>
    <property name="gopherProxySet" value="false"/>
    <property name="awt.toolkit" value="sun.lwawt.macosx.LWCToolkit"/>
    <property name="file.encoding.pkg" value="sun.io"/>
    <property name="java.specification.version" value="1.8"/>
    <property name="sun.cpu.isalist" value=""/>
    <property name="sun.jnu.encoding" value="UTF-8"/>
    <property name="java.class.path" value="/Users/freshtahabibzay/Downloads/jenkinsDemo/target/test-classes:/Users/freshtahabibzay/Downloads/jenkinsDemo/target/classes:/Users/freshtahabibzay/.m2/repository/org/seleniumhq/selenium/selenium-java/3.141.59/selenium-java-3.141.59.jar:/Users/freshtahabibzay/.m2/repository/org/seleniumhq/selenium/selenium-api/3.141.59/selenium-api-3.141.59.jar:/Users/freshtahabibzay/.m2/repository/org/seleniumhq/selenium/selenium-chrome-driver/3.141.59/selenium-chrome-driver-3.141.59.jar:/Users/freshtahabibzay/.m2/repository/org/seleniumhq/selenium/selenium-edge-driver/3.141.59/selenium-edge-driver-3.141.59.jar:/Users/freshtahabibzay/.m2/repository/org/seleniumhq/selenium/selenium-firefox-driver/3.141.59/selenium-firefox-driver-3.141.59.jar:/Users/freshtahabibzay/.m2/repository/org/seleniumhq/selenium/selenium-ie-driver/3.141.59/selenium-ie-driver-3.141.59.jar:/Users/freshtahabibzay/.m2/repository/org/seleniumhq/selenium/selenium-opera-driver/3.141.59/selenium-opera-driver-3.141.59.jar:/Users/freshtahabibzay/.m2/repository/org/seleniumhq/selenium/selenium-remote-driver/3.141.59/selenium-remote-driver-3.141.59.jar:/Users/freshtahabibzay/.m2/repository/org/seleniumhq/selenium/selenium-safari-driver/3.141.59/selenium-safari-driver-3.141.59.jar:/Users/freshtahabibzay/.m2/repository/org/seleniumhq/selenium/selenium-support/3.141.59/selenium-support-3.141.59.jar:/Users/freshtahabibzay/.m2/repository/net/bytebuddy/byte-buddy/1.8.15/byte-buddy-1.8.15.jar:/Users/freshtahabibzay/.m2/repository/org/apache/commons/commons-exec/1.3/commons-exec-1.3.jar:/Users/freshtahabibzay/.m2/repository/com/google/guava/guava/25.0-jre/guava-25.0-jre.jar:/Users/freshtahabibzay/.m2/repository/com/google/code/findbugs/jsr305/1.3.9/jsr305-1.3.9.jar:/Users/freshtahabibzay/.m2/repository/org/checkerframework/checker-compat-qual/2.0.0/checker-compat-qual-2.0.0.jar:/Users/freshtahabibzay/.m2/repository/com/google/errorprone/error_prone_annotations/2.1.3/error_prone_annotations-2.1.3.jar:/Users/freshtahabibzay/.m2/repository/com/google/j2objc/j2objc-annotations/1.1/j2objc-annotations-1.1.jar:/Users/freshtahabibzay/.m2/repository/org/codehaus/mojo/animal-sniffer-annotations/1.14/animal-sniffer-annotations-1.14.jar:/Users/freshtahabibzay/.m2/repository/com/squareup/okhttp3/okhttp/3.11.0/okhttp-3.11.0.jar:/Users/freshtahabibzay/.m2/repository/com/squareup/okio/okio/1.14.0/okio-1.14.0.jar:/Users/freshtahabibzay/.m2/repository/io/github/bonigarcia/webdrivermanager/5.0.3/webdrivermanager-5.0.3.jar:/Users/freshtahabibzay/.m2/repository/org/slf4j/slf4j-api/1.7.32/slf4j-api-1.7.32.jar:/Users/freshtahabibzay/.m2/repository/com/google/code/gson/gson/2.8.8/gson-2.8.8.jar:/Users/freshtahabibzay/.m2/repository/org/jsoup/jsoup/1.14.2/jsoup-1.14.2.jar:/Users/freshtahabibzay/.m2/repository/com/github/docker-java/docker-java/3.2.12/docker-java-3.2.12.jar:/Users/freshtahabibzay/.m2/repository/com/github/docker-java/docker-java-core/3.2.12/docker-java-core-3.2.12.jar:/Users/freshtahabibzay/.m2/repository/com/github/docker-java/docker-java-api/3.2.12/docker-java-api-3.2.12.jar:/Users/freshtahabibzay/.m2/repository/org/apache/commons/commons-compress/1.21/commons-compress-1.21.jar:/Users/freshtahabibzay/.m2/repository/org/bouncycastle/bcpkix-jdk15on/1.64/bcpkix-jdk15on-1.64.jar:/Users/freshtahabibzay/.m2/repository/org/bouncycastle/bcprov-jdk15on/1.64/bcprov-jdk15on-1.64.jar:/Users/freshtahabibzay/.m2/repository/org/slf4j/jcl-over-slf4j/1.7.30/jcl-over-slf4j-1.7.30.jar:/Users/freshtahabibzay/.m2/repository/com/github/docker-java/docker-java-transport-httpclient5/3.2.12/docker-java-transport-httpclient5-3.2.12.jar:/Users/freshtahabibzay/.m2/repository/com/github/docker-java/docker-java-transport/3.2.12/docker-java-transport-3.2.12.jar:/Users/freshtahabibzay/.m2/repository/org/apache/httpcomponents/client5/httpclient5/5.0.3/httpclient5-5.0.3.jar:/Users/freshtahabibzay/.m2/repository/org/apache/httpcomponents/core5/httpcore5/5.0.2/httpcore5-5.0.2.jar:/Users/freshtahabibzay/.m2/repository/commons-codec/commons-codec/1.13/commons-codec-1.13.jar:/Users/freshtahabibzay/.m2/repository/net/java/dev/jna/jna/5.8.0/jna-5.8.0.jar:/Users/freshtahabibzay/.m2/repository/org/brotli/dec/0.1.2/dec-0.1.2.jar:/Users/freshtahabibzay/.m2/repository/junit/junit/4.13/junit-4.13.jar:/Users/freshtahabibzay/.m2/repository/org/hamcrest/hamcrest-core/1.3/hamcrest-core-1.3.jar:/Users/freshtahabibzay/.m2/repository/io/cucumber/cucumber-java/6.2.2/cucumber-java-6.2.2.jar:/Users/freshtahabibzay/.m2/repository/org/apiguardian/apiguardian-api/1.1.0/apiguardian-api-1.1.0.jar:/Users/freshtahabibzay/.m2/repository/io/cucumber/cucumber-junit/6.2.2/cucumber-junit-6.2.2.jar:/Users/freshtahabibzay/.m2/repository/io/cucumber/cucumber-core/6.2.2/cucumber-core-6.2.2.jar:/Users/freshtahabibzay/.m2/repository/io/cucumber/cucumber-gherkin/6.2.2/cucumber-gherkin-6.2.2.jar:/Users/freshtahabibzay/.m2/repository/io/cucumber/cucumber-gherkin-messages/6.2.2/cucumber-gherkin-messages-6.2.2.jar:/Users/freshtahabibzay/.m2/repository/io/cucumber/messages/12.2.0/messages-12.2.0.jar:/Users/freshtahabibzay/.m2/repository/io/cucumber/tag-expressions/3.0.0/tag-expressions-3.0.0.jar:/Users/freshtahabibzay/.m2/repository/io/cucumber/cucumber-expressions/10.2.1/cucumber-expressions-10.2.1.jar:/Users/freshtahabibzay/.m2/repository/io/cucumber/datatable/3.3.1/datatable-3.3.1.jar:/Users/freshtahabibzay/.m2/repository/io/cucumber/cucumber-plugin/6.2.2/cucumber-plugin-6.2.2.jar:/Users/freshtahabibzay/.m2/repository/io/cucumber/docstring/6.2.2/docstring-6.2.2.jar:/Users/freshtahabibzay/.m2/repository/io/cucumber/html-formatter/7.0.0/html-formatter-7.0.0.jar:/Users/freshtahabibzay/.m2/repository/net/masterthought/cucumber-reporting/5.3.0/cucumber-reporting-5.3.0.jar:/Users/freshtahabibzay/.m2/repository/com/fasterxml/jackson/core/jackson-databind/2.10.1/jackson-databind-2.10.1.jar:/Users/freshtahabibzay/.m2/repository/com/fasterxml/jackson/core/jackson-annotations/2.10.1/jackson-annotations-2.10.1.jar:/Users/freshtahabibzay/.m2/repository/com/fasterxml/jackson/core/jackson-core/2.10.1/jackson-core-2.10.1.jar:/Users/freshtahabibzay/.m2/repository/com/fasterxml/jackson/datatype/jackson-datatype-jsr310/2.10.1/jackson-datatype-jsr310-2.10.1.jar:/Users/freshtahabibzay/.m2/repository/org/apache/velocity/velocity-engine-core/2.1/velocity-engine-core-2.1.jar:/Users/freshtahabibzay/.m2/repository/commons-collections/commons-collections/3.2.2/commons-collections-3.2.2.jar:/Users/freshtahabibzay/.m2/repository/joda-time/joda-time/2.10.5/joda-time-2.10.5.jar:/Users/freshtahabibzay/.m2/repository/org/apache/commons/commons-lang3/3.9/commons-lang3-3.9.jar:/Users/freshtahabibzay/.m2/repository/commons-io/commons-io/2.6/commons-io-2.6.jar:/Users/freshtahabibzay/.m2/repository/org/codehaus/plexus/plexus-utils/3.3.0/plexus-utils-3.3.0.jar:/Users/freshtahabibzay/.m2/repository/com/googlecode/owasp-java-html-sanitizer/owasp-java-html-sanitizer/20191001.1/owasp-java-html-sanitizer-20191001.1.jar:/Users/freshtahabibzay/.m2/repository/commons-configuration/commons-configuration/1.10/commons-configuration-1.10.jar:/Users/freshtahabibzay/.m2/repository/commons-lang/commons-lang/2.6/commons-lang-2.6.jar:/Users/freshtahabibzay/.m2/repository/commons-logging/commons-logging/1.1.1/commons-logging-1.1.1.jar:"/>
    <property name="java.vm.vendor" value="Oracle Corporation"/>
    <property name="sun.arch.data.model" value="64"/>
    <property name="java.vendor.url" value="http://java.oracle.com/"/>
    <property name="user.timezone" value="America/New_York"/>
    <property name="java.vm.specification.version" value="1.8"/>
    <property name="os.name" value="Mac OS X"/>
    <property name="user.country" value="AF"/>
    <property name="sun.java.launcher" value="SUN_STANDARD"/>
    <property name="sun.boot.library.path" value="/Library/Java/JavaVirtualMachines/jdk-1.8.jdk/Contents/Home/jre/lib"/>
    <property name="sun.java.command" value="/Users/freshtahabibzay/Downloads/jenkinsDemo/target/surefire/surefirebooter-20240404091357236_3.jar /Users/freshtahabibzay/Downloads/jenkinsDemo/target/surefire 2024-04-04T09-13-56_736-jvmRun1 surefire-20240404091357236_1tmp surefire_0-20240404091357236_2tmp"/>
    <property name="http.nonProxyHosts" value="local|*.local|169.254/16|*.169.254/16"/>
    <property name="test" value="Runner"/>
    <property name="surefire.test.class.path" value="/Users/freshtahabibzay/Downloads/jenkinsDemo/target/test-classes:/Users/freshtahabibzay/Downloads/jenkinsDemo/target/classes:/Users/freshtahabibzay/.m2/repository/org/seleniumhq/selenium/selenium-java/3.141.59/selenium-java-3.141.59.jar:/Users/freshtahabibzay/.m2/repository/org/seleniumhq/selenium/selenium-api/3.141.59/selenium-api-3.141.59.jar:/Users/freshtahabibzay/.m2/repository/org/seleniumhq/selenium/selenium-chrome-driver/3.141.59/selenium-chrome-driver-3.141.59.jar:/Users/freshtahabibzay/.m2/repository/org/seleniumhq/selenium/selenium-edge-driver/3.141.59/selenium-edge-driver-3.141.59.jar:/Users/freshtahabibzay/.m2/repository/org/seleniumhq/selenium/selenium-firefox-driver/3.141.59/selenium-firefox-driver-3.141.59.jar:/Users/freshtahabibzay/.m2/repository/org/seleniumhq/selenium/selenium-ie-driver/3.141.59/selenium-ie-driver-3.141.59.jar:/Users/freshtahabibzay/.m2/repository/org/seleniumhq/selenium/selenium-opera-driver/3.141.59/selenium-opera-driver-3.141.59.jar:/Users/freshtahabibzay/.m2/repository/org/seleniumhq/selenium/selenium-remote-driver/3.141.59/selenium-remote-driver-3.141.59.jar:/Users/freshtahabibzay/.m2/repository/org/seleniumhq/selenium/selenium-safari-driver/3.141.59/selenium-safari-driver-3.141.59.jar:/Users/freshtahabibzay/.m2/repository/org/seleniumhq/selenium/selenium-support/3.141.59/selenium-support-3.141.59.jar:/Users/freshtahabibzay/.m2/repository/net/bytebuddy/byte-buddy/1.8.15/byte-buddy-1.8.15.jar:/Users/freshtahabibzay/.m2/repository/org/apache/commons/commons-exec/1.3/commons-exec-1.3.jar:/Users/freshtahabibzay/.m2/repository/com/google/guava/guava/25.0-jre/guava-25.0-jre.jar:/Users/freshtahabibzay/.m2/repository/com/google/code/findbugs/jsr305/1.3.9/jsr305-1.3.9.jar:/Users/freshtahabibzay/.m2/repository/org/checkerframework/checker-compat-qual/2.0.0/checker-compat-qual-2.0.0.jar:/Users/freshtahabibzay/.m2/repository/com/google/errorprone/error_prone_annotations/2.1.3/error_prone_annotations-2.1.3.jar:/Users/freshtahabibzay/.m2/repository/com/google/j2objc/j2objc-annotations/1.1/j2objc-annotations-1.1.jar:/Users/freshtahabibzay/.m2/repository/org/codehaus/mojo/animal-sniffer-annotations/1.14/animal-sniffer-annotations-1.14.jar:/Users/freshtahabibzay/.m2/repository/com/squareup/okhttp3/okhttp/3.11.0/okhttp-3.11.0.jar:/Users/freshtahabibzay/.m2/repository/com/squareup/okio/okio/1.14.0/okio-1.14.0.jar:/Users/freshtahabibzay/.m2/repository/io/github/bonigarcia/webdrivermanager/5.0.3/webdrivermanager-5.0.3.jar:/Users/freshtahabibzay/.m2/repository/org/slf4j/slf4j-api/1.7.32/slf4j-api-1.7.32.jar:/Users/freshtahabibzay/.m2/repository/com/google/code/gson/gson/2.8.8/gson-2.8.8.jar:/Users/freshtahabibzay/.m2/repository/org/jsoup/jsoup/1.14.2/jsoup-1.14.2.jar:/Users/freshtahabibzay/.m2/repository/com/github/docker-java/docker-java/3.2.12/docker-java-3.2.12.jar:/Users/freshtahabibzay/.m2/repository/com/github/docker-java/docker-java-core/3.2.12/docker-java-core-3.2.12.jar:/Users/freshtahabibzay/.m2/repository/com/github/docker-java/docker-java-api/3.2.12/docker-java-api-3.2.12.jar:/Users/freshtahabibzay/.m2/repository/org/apache/commons/commons-compress/1.21/commons-compress-1.21.jar:/Users/freshtahabibzay/.m2/repository/org/bouncycastle/bcpkix-jdk15on/1.64/bcpkix-jdk15on-1.64.jar:/Users/freshtahabibzay/.m2/repository/org/bouncycastle/bcprov-jdk15on/1.64/bcprov-jdk15on-1.64.jar:/Users/freshtahabibzay/.m2/repository/org/slf4j/jcl-over-slf4j/1.7.30/jcl-over-slf4j-1.7.30.jar:/Users/freshtahabibzay/.m2/repository/com/github/docker-java/docker-java-transport-httpclient5/3.2.12/docker-java-transport-httpclient5-3.2.12.jar:/Users/freshtahabibzay/.m2/repository/com/github/docker-java/docker-java-transport/3.2.12/docker-java-transport-3.2.12.jar:/Users/freshtahabibzay/.m2/repository/org/apache/httpcomponents/client5/httpclient5/5.0.3/httpclient5-5.0.3.jar:/Users/freshtahabibzay/.m2/repository/org/apache/httpcomponents/core5/httpcore5/5.0.2/httpcore5-5.0.2.jar:/Users/freshtahabibzay/.m2/repository/commons-codec/commons-codec/1.13/commons-codec-1.13.jar:/Users/freshtahabibzay/.m2/repository/net/java/dev/jna/jna/5.8.0/jna-5.8.0.jar:/Users/freshtahabibzay/.m2/repository/org/brotli/dec/0.1.2/dec-0.1.2.jar:/Users/freshtahabibzay/.m2/repository/junit/junit/4.13/junit-4.13.jar:/Users/freshtahabibzay/.m2/repository/org/hamcrest/hamcrest-core/1.3/hamcrest-core-1.3.jar:/Users/freshtahabibzay/.m2/repository/io/cucumber/cucumber-java/6.2.2/cucumber-java-6.2.2.jar:/Users/freshtahabibzay/.m2/repository/org/apiguardian/apiguardian-api/1.1.0/apiguardian-api-1.1.0.jar:/Users/freshtahabibzay/.m2/repository/io/cucumber/cucumber-junit/6.2.2/cucumber-junit-6.2.2.jar:/Users/freshtahabibzay/.m2/repository/io/cucumber/cucumber-core/6.2.2/cucumber-core-6.2.2.jar:/Users/freshtahabibzay/.m2/repository/io/cucumber/cucumber-gherkin/6.2.2/cucumber-gherkin-6.2.2.jar:/Users/freshtahabibzay/.m2/repository/io/cucumber/cucumber-gherkin-messages/6.2.2/cucumber-gherkin-messages-6.2.2.jar:/Users/freshtahabibzay/.m2/repository/io/cucumber/messages/12.2.0/messages-12.2.0.jar:/Users/freshtahabibzay/.m2/repository/io/cucumber/tag-expressions/3.0.0/tag-expressions-3.0.0.jar:/Users/freshtahabibzay/.m2/repository/io/cucumber/cucumber-expressions/10.2.1/cucumber-expressions-10.2.1.jar:/Users/freshtahabibzay/.m2/repository/io/cucumber/datatable/3.3.1/datatable-3.3.1.jar:/Users/freshtahabibzay/.m2/repository/io/cucumber/cucumber-plugin/6.2.2/cucumber-plugin-6.2.2.jar:/Users/freshtahabibzay/.m2/repository/io/cucumber/docstring/6.2.2/docstring-6.2.2.jar:/Users/freshtahabibzay/.m2/repository/io/cucumber/html-formatter/7.0.0/html-formatter-7.0.0.jar:/Users/freshtahabibzay/.m2/repository/net/masterthought/cucumber-reporting/5.3.0/cucumber-reporting-5.3.0.jar:/Users/freshtahabibzay/.m2/repository/com/fasterxml/jackson/core/jackson-databind/2.10.1/jackson-databind-2.10.1.jar:/Users/freshtahabibzay/.m2/repository/com/fasterxml/jackson/core/jackson-annotations/2.10.1/jackson-annotations-2.10.1.jar:/Users/freshtahabibzay/.m2/repository/com/fasterxml/jackson/core/jackson-core/2.10.1/jackson-core-2.10.1.jar:/Users/freshtahabibzay/.m2/repository/com/fasterxml/jackson/datatype/jackson-datatype-jsr310/2.10.1/jackson-datatype-jsr310-2.10.1.jar:/Users/freshtahabibzay/.m2/repository/org/apache/velocity/velocity-engine-core/2.1/velocity-engine-core-2.1.jar:/Users/freshtahabibzay/.m2/repository/commons-collections/commons-collections/3.2.2/commons-collections-3.2.2.jar:/Users/freshtahabibzay/.m2/repository/joda-time/joda-time/2.10.5/joda-time-2.10.5.jar:/Users/freshtahabibzay/.m2/repository/org/apache/commons/commons-lang3/3.9/commons-lang3-3.9.jar:/Users/freshtahabibzay/.m2/repository/commons-io/commons-io/2.6/commons-io-2.6.jar:/Users/freshtahabibzay/.m2/repository/org/codehaus/plexus/plexus-utils/3.3.0/plexus-utils-3.3.0.jar:/Users/freshtahabibzay/.m2/repository/com/googlecode/owasp-java-html-sanitizer/owasp-java-html-sanitizer/20191001.1/owasp-java-html-sanitizer-20191001.1.jar:/Users/freshtahabibzay/.m2/repository/commons-configuration/commons-configuration/1.10/commons-configuration-1.10.jar:/Users/freshtahabibzay/.m2/repository/commons-lang/commons-lang/2.6/commons-lang-2.6.jar:/Users/freshtahabibzay/.m2/repository/commons-logging/commons-logging/1.1.1/commons-logging-1.1.1.jar:"/>
    <property name="sun.cpu.endian" value="little"/>
    <property name="user.home" value="/Users/freshtahabibzay"/>
    <property name="user.language" value="en"/>
    <property name="java.specification.vendor" value="Oracle Corporation"/>
    <property name="java.home" value="/Library/Java/JavaVirtualMachines/jdk-1.8.jdk/Contents/Home/jre"/>
    <property name="basedir" value="/Users/freshtahabibzay/Downloads/jenkinsDemo"/>
    <property name="style.color" value="always"/>
    <property name="file.separator" value="/"/>
    <property name="line.separator" value="&#10;"/>
    <property name="java.vm.specification.vendor" value="Oracle Corporation"/>
    <property name="java.specification.name" value="Java Platform API Specification"/>
    <property name="java.awt.graphicsenv" value="sun.awt.CGraphicsEnvironment"/>
    <property name="surefire.real.class.path" value="/Users/freshtahabibzay/Downloads/jenkinsDemo/target/surefire/surefirebooter-20240404091357236_3.jar"/>
    <property name="sun.boot.class.path" value="/Library/Java/JavaVirtualMachines/jdk-1.8.jdk/Contents/Home/jre/lib/resources.jar:/Library/Java/JavaVirtualMachines/jdk-1.8.jdk/Contents/Home/jre/lib/rt.jar:/Library/Java/JavaVirtualMachines/jdk-1.8.jdk/Contents/Home/jre/lib/jsse.jar:/Library/Java/JavaVirtualMachines/jdk-1.8.jdk/Contents/Home/jre/lib/jce.jar:/Library/Java/JavaVirtualMachines/jdk-1.8.jdk/Contents/Home/jre/lib/charsets.jar:/Library/Java/JavaVirtualMachines/jdk-1.8.jdk/Contents/Home/jre/lib/jfr.jar:/Library/Java/JavaVirtualMachines/jdk-1.8.jdk/Contents/Home/jre/classes"/>
    <property name="sun.management.compiler" value="HotSpot 64-Bit Tiered Compilers"/>
    <property name="ftp.nonProxyHosts" value="local|*.local|169.254/16|*.169.254/16"/>
    <property name="java.runtime.version" value="1.8.0_381-b09"/>
    <property name="user.name" value="freshtahabibzay"/>
    <property name="path.separator" value=":"/>
    <property name="os.version" value="12.2"/>
    <property name="java.endorsed.dirs" value="/Library/Java/JavaVirtualMachines/jdk-1.8.jdk/Contents/Home/jre/lib/endorsed"/>
    <property name="java.runtime.name" value="Java(TM) SE Runtime Environment"/>
    <property name="file.encoding" value="UTF-8"/>
    <property name="java.vm.name" value="Java HotSpot(TM) 64-Bit Server VM"/>
    <property name="localRepository" value="/Users/freshtahabibzay/.m2/repository"/>
    <property name="java.vendor.url.bug" value="http://bugreport.sun.com/bugreport/"/>
    <property name="java.io.tmpdir" value="/var/folders/k1/1js6k9bs7dj8_wn_q65l5_zr0000gn/T/"/>
    <property name="java.version" value="1.8.0_381"/>
    <property name="user.dir" value="/Users/freshtahabibzay/Downloads/jenkinsDemo"/>
    <property name="os.arch" value="x86_64"/>
    <property name="java.vm.specification.name" value="Java Virtual Machine Specification"/>
    <property name="java.awt.printerjob" value="sun.lwawt.macosx.CPrinterJob"/>
    <property name="sun.os.patch.level" value="unknown"/>
    <property name="java.library.path" value="/Users/freshtahabibzay/Library/Java/Extensions:/Library/Java/Extensions:/Network/Library/Java/Extensions:/System/Library/Java/Extensions:/usr/lib/java:."/>
    <property name="java.vm.info" value="mixed mode"/>
    <property name="java.vendor" value="Oracle Corporation"/>
    <property name="java.vm.version" value="25.381-b09"/>
    <property name="java.specification.maintenance.version" value="5"/>
    <property name="java.ext.dirs" value="/Users/freshtahabibzay/Library/Java/Extensions:/Library/Java/JavaVirtualMachines/jdk-1.8.jdk/Contents/Home/jre/lib/ext:/Library/Java/Extensions:/Network/Library/Java/Extensions:/System/Library/Java/Extensions:/usr/lib/java"/>
    <property name="sun.io.unicode.encoding" value="UnicodeBig"/>
    <property name="java.class.version" value="52.0"/>
    <property name="socksNonProxyHosts" value="local|*.local|169.254/16|*.169.254/16"/>
  </properties>
  <testcase name="Verify User able to login with correct credentials" classname="AutoRegister Page Functionality" time="11.907">
    <system-out><![CDATA[
Scenario: Verify User able to login with correct credentials               &amp#27;[90m# src/test/resources/smoke/SmokeTest.feature:3&amp#27;[0m
Test
Test
Test
  &amp#27;[32mGiven &amp#27;[0m&amp#27;[32mUser navigates to login page &amp#27;[0m&amp#27;[32m&amp#27;[1m"https://ntkhr.noortecktraining.com/"&amp#27;[0m &amp#27;[90m# com.steps.LoginStep.user_navigates_to_login_page(java.lang.String)&amp#27;[0m
  &amp#27;[32mWhen &amp#27;[0m&amp#27;[32mUser enters username &amp#27;[0m&amp#27;[32m&amp#27;[1m"ntk-admin"&amp#27;[0m                                    &amp#27;[90m# com.steps.LoginStep.user_enters_username(java.lang.String)&amp#27;[0m
  &amp#27;[32mAnd &amp#27;[0m&amp#27;[32mUser enters password &amp#27;[0m&amp#27;[32m&amp#27;[1m"Ntk-orange!admin.123"&amp#27;[0m                          &amp#27;[90m# com.steps.LoginStep.user_enters_password(java.lang.String)&amp#27;[0m
  &amp#27;[32mAnd &amp#27;[0m&amp#27;[32mUser clicks login button&amp#27;[0m                                             &amp#27;[90m# com.steps.LoginStep.user_clicks_login_button()&amp#27;[0m
Page Header... Dashboard
OrangeHRM
  &amp#27;[32mThen &amp#27;[0m&amp#27;[32mSystem redirects to dashboard page &amp#27;[0m&amp#27;[32m&amp#27;[1m"Dashboard"&amp#27;[0m                      &amp#27;[90m# com.steps.LoginStep.system_redirects_to_dashboard_page(java.lang.String)&amp#27;[0m
]]></system-out>
    <system-err><![CDATA[SLF4J: Failed to load class "org.slf4j.impl.StaticLoggerBinder".
SLF4J: Defaulting to no-operation (NOP) logger implementation
SLF4J: See http://www.slf4j.org/codes.html#StaticLoggerBinder for further details.
Apr 04, 2024 9:14:02 AM org.openqa.selenium.remote.ProtocolHandshake createSession
INFO: Detected dialect: W3C
]]></system-err>
  </testcase>
  <testcase name="Verify User able to login with correct credentials FAIL #1" classname="AutoRegister Page Functionality" time="7.531">
    <system-out><![CDATA[
Scenario: Verify User able to login with correct credentials FAIL          &amp#27;[90m# src/test/resources/smoke/SmokeTest.feature:10&amp#27;[0m
Test
Test
Test
  &amp#27;[32mGiven &amp#27;[0m&amp#27;[32mUser navigates to login page &amp#27;[0m&amp#27;[32m&amp#27;[1m"https://ntkhr.noortecktraining.com/"&amp#27;[0m &amp#27;[90m# com.steps.LoginStep.user_navigates_to_login_page(java.lang.String)&amp#27;[0m
  &amp#27;[32mWhen &amp#27;[0m&amp#27;[32mUser enters username &amp#27;[0m&amp#27;[32m&amp#27;[1m"ntk-admin"&amp#27;[0m                                    &amp#27;[90m# com.steps.LoginStep.user_enters_username(java.lang.String)&amp#27;[0m
  &amp#27;[32mAnd &amp#27;[0m&amp#27;[32mUser enters password &amp#27;[0m&amp#27;[32m&amp#27;[1m"Ntk-orange!admin.123"&amp#27;[0m                          &amp#27;[90m# com.steps.LoginStep.user_enters_password(java.lang.String)&amp#27;[0m
  &amp#27;[32mAnd &amp#27;[0m&amp#27;[32mUser clicks login button&amp#27;[0m                                             &amp#27;[90m# com.steps.LoginStep.user_clicks_login_button()&amp#27;[0m
Page Header... Dashboard
OrangeHRM
  &amp#27;[32mThen &amp#27;[0m&amp#27;[32mSystem redirects to dashboard page &amp#27;[0m&amp#27;[32m&amp#27;[1m"Dashboard"&amp#27;[0m                      &amp#27;[90m# com.steps.LoginStep.system_redirects_to_dashboard_page(java.lang.String)&amp#27;[0m
aseetion failure...
DONE...
  &amp#27;[32mThen &amp#27;[0m&amp#27;[32mSystem redirects to dashboard pages &amp#27;[0m&amp#27;[32m&amp#27;[1m"Failed"&amp#27;[0m                        &amp#27;[90m# com.steps.LoginStep.system_redirects_to_dashboard_pages(java.lang.String)&amp#27;[0m
]]></system-out>
    <system-err><![CDATA[Apr 04, 2024 9:14:10 AM org.openqa.selenium.remote.ProtocolHandshake createSession
INFO: Detected dialect: W3C
]]></system-err>
  </testcase>
  <testcase name="Verify User able to login with correct credentials FAIL #2" classname="AutoRegister Page Functionality" time="7.491">
    <system-out><![CDATA[
Scenario: Verify User able to login with correct credentials FAIL          &amp#27;[90m# src/test/resources/smoke/SmokeTest.feature:18&amp#27;[0m
Test
Test
Test
  &amp#27;[32mGiven &amp#27;[0m&amp#27;[32mUser navigates to login page &amp#27;[0m&amp#27;[32m&amp#27;[1m"https://ntkhr.noortecktraining.com/"&amp#27;[0m &amp#27;[90m# com.steps.LoginStep.user_navigates_to_login_page(java.lang.String)&amp#27;[0m
  &amp#27;[32mWhen &amp#27;[0m&amp#27;[32mUser enters username &amp#27;[0m&amp#27;[32m&amp#27;[1m"ntk-admin"&amp#27;[0m                                    &amp#27;[90m# com.steps.LoginStep.user_enters_username(java.lang.String)&amp#27;[0m
  &amp#27;[32mAnd &amp#27;[0m&amp#27;[32mUser enters password &amp#27;[0m&amp#27;[32m&amp#27;[1m"Ntk-orange!admin.123"&amp#27;[0m                          &amp#27;[90m# com.steps.LoginStep.user_enters_password(java.lang.String)&amp#27;[0m
  &amp#27;[32mAnd &amp#27;[0m&amp#27;[32mUser clicks login button&amp#27;[0m                                             &amp#27;[90m# com.steps.LoginStep.user_clicks_login_button()&amp#27;[0m
Page Header... Dashboard
OrangeHRM
  &amp#27;[32mThen &amp#27;[0m&amp#27;[32mSystem redirects to dashboard page &amp#27;[0m&amp#27;[32m&amp#27;[1m"Dashboard"&amp#27;[0m                      &amp#27;[90m# com.steps.LoginStep.system_redirects_to_dashboard_page(java.lang.String)&amp#27;[0m
aseetion failure...
DONE...
  &amp#27;[32mThen &amp#27;[0m&amp#27;[32mSystem redirects to dashboard pages &amp#27;[0m&amp#27;[32m&amp#27;[1m"Failed"&amp#27;[0m                        &amp#27;[90m# com.steps.LoginStep.system_redirects_to_dashboard_pages(java.lang.String)&amp#27;[0m
]]></system-out>
    <system-err><![CDATA[Apr 04, 2024 9:14:18 AM org.openqa.selenium.remote.ProtocolHandshake createSession
INFO: Detected dialect: W3C
]]></system-err>
  </testcase>
  <testcase name="Verify User able to login with correct credentials FAIL #3" classname="AutoRegister Page Functionality" time="8.322">
    <system-out><![CDATA[
Scenario: Verify User able to login with correct credentials FAIL          &amp#27;[90m# src/test/resources/smoke/SmokeTest.feature:26&amp#27;[0m
Test
Test
Test
  &amp#27;[32mGiven &amp#27;[0m&amp#27;[32mUser navigates to login page &amp#27;[0m&amp#27;[32m&amp#27;[1m"https://ntkhr.noortecktraining.com/"&amp#27;[0m &amp#27;[90m# com.steps.LoginStep.user_navigates_to_login_page(java.lang.String)&amp#27;[0m
  &amp#27;[32mWhen &amp#27;[0m&amp#27;[32mUser enters username &amp#27;[0m&amp#27;[32m&amp#27;[1m"ntk-admin"&amp#27;[0m                                    &amp#27;[90m# com.steps.LoginStep.user_enters_username(java.lang.String)&amp#27;[0m
  &amp#27;[32mAnd &amp#27;[0m&amp#27;[32mUser enters password &amp#27;[0m&amp#27;[32m&amp#27;[1m"Ntk-orange!admin.123"&amp#27;[0m                          &amp#27;[90m# com.steps.LoginStep.user_enters_password(java.lang.String)&amp#27;[0m
  &amp#27;[32mAnd &amp#27;[0m&amp#27;[32mUser clicks login button&amp#27;[0m                                             &amp#27;[90m# com.steps.LoginStep.user_clicks_login_button()&amp#27;[0m
Page Header... Dashboard
OrangeHRM
  &amp#27;[32mThen &amp#27;[0m&amp#27;[32mSystem redirects to dashboard page &amp#27;[0m&amp#27;[32m&amp#27;[1m"Dashboard"&amp#27;[0m                      &amp#27;[90m# com.steps.LoginStep.system_redirects_to_dashboard_page(java.lang.String)&amp#27;[0m
aseetion failure...
DONE...
  &amp#27;[32mThen &amp#27;[0m&amp#27;[32mSystem redirects to dashboard pages &amp#27;[0m&amp#27;[32m&amp#27;[1m"Failed"&amp#27;[0m                        &amp#27;[90m# com.steps.LoginStep.system_redirects_to_dashboard_pages(java.lang.String)&amp#27;[0m
]]></system-out>
    <system-err><![CDATA[Apr 04, 2024 9:14:25 AM org.openqa.selenium.remote.ProtocolHandshake createSession
INFO: Detected dialect: W3C
]]></system-err>
  </testcase>
</testsuite>